P/app/build/intermediates/manifest_merge_blame_file/devFullDebug/manifest-merger-blame-dev-full-debug-report.txt
1<?xml version="1.0" encoding="utf-8"?>
2<manifest xmlns:android="http://schemas.android.com/apk/res/android"
3    package="org.openobservatory.ooniprobe.dev"
4    android:versionCode="20230619"
5    android:versionName="2023.06.19-14" >
6
7    <uses-sdk
8        android:minSdkVersion="21"
9        android:targetSdkVersion="33" />
10
11    <!-- Allows unlocking your device and activating its screen so UI tests can succeed -->
12    <uses-permission android:name="android.permission.DISABLE_KEYGUARD" />
12-->src\debug\AndroidManifest.xml:4:2-71
12-->src\debug\AndroidManifest.xml:4:19-69
13    <uses-permission android:name="android.permission.WAKE_LOCK" />
13-->src\debug\AndroidManifest.xml:5:2-64
13-->src\debug\AndroidManifest.xml:5:19-62
14
15    <!-- Allows for storing and retrieving screenshots -->
16    <uses-permission android:name="android.permission.WRITE_EXTERNAL_STORAGE" />
16-->src\debug\AndroidManifest.xml:8:2-78
16-->src\debug\AndroidManifest.xml:8:19-75
17    <uses-permission android:name="android.permission.READ_EXTERNAL_STORAGE" />
17-->src\debug\AndroidManifest.xml:9:2-77
17-->src\debug\AndroidManifest.xml:9:19-74
18
19    <!-- Allows changing locales -->
20    <uses-permission android:name="android.permission.CHANGE_CONFIGURATION" />
20-->src\debug\AndroidManifest.xml:12:2-76
20-->src\debug\AndroidManifest.xml:12:19-73
21    <uses-permission android:name="org.openobservatory.ooniprobe.dev.CountlyPush.BROADCAST_PERMISSION" />
21-->src\full\AndroidManifest.xml:4:2-86
21-->src\full\AndroidManifest.xml:4:19-83
22    <uses-permission android:name="android.permission.INTERNET" />
22-->src\main\AndroidManifest.xml:4:2-64
22-->src\main\AndroidManifest.xml:4:19-61
23    <uses-permission android:name="android.permission.RECEIVE_BOOT_COMPLETED" />
23-->src\main\AndroidManifest.xml:5:2-78
23-->src\main\AndroidManifest.xml:5:19-75
24    <uses-permission android:name="android.permission.ACCESS_NETWORK_STATE" />
24-->src\main\AndroidManifest.xml:6:2-76
24-->src\main\AndroidManifest.xml:6:19-73
25    <uses-permission android:name="android.permission.FOREGROUND_SERVICE" />
25-->src\main\AndroidManifest.xml:7:2-74
25-->src\main\AndroidManifest.xml:7:19-71
26    <uses-permission android:name="android.permission.REQUEST_IGNORE_BATTERY_OPTIMIZATIONS" />
26-->src\main\AndroidManifest.xml:8:2-92
26-->src\main\AndroidManifest.xml:8:19-89
27
28    <permission
28-->src\main\AndroidManifest.xml:10:2-12:41
29        android:name="org.openobservatory.ooniprobe.permission.C2D_MESSAGE"
29-->src\main\AndroidManifest.xml:11:3-70
30        android:protectionLevel="signature" />
30-->src\main\AndroidManifest.xml:12:3-38
31
32    <uses-permission android:name="org.openobservatory.ooniprobe.permission.C2D_MESSAGE" />
32-->src\main\AndroidManifest.xml:14:2-89
32-->src\main\AndroidManifest.xml:14:19-86
33
34    <permission
34-->[ly.count.android:sdk:21.11.0] AndroidManifest.xml:9:5-11:47
35        android:name="org.openobservatory.ooniprobe.dev.CountlyPush.BROADCAST_PERMISSION"
35-->[ly.count.android:sdk:21.11.0] AndroidManifest.xml:10:9-73
36        android:protectionLevel="signature" />
36-->[ly.count.android:sdk:21.11.0] AndroidManifest.xml:11:9-44
37
38    <uses-permission android:name="android.permission.BROADCAST_CLOSE_SYSTEM_DIALOGS" /> <!-- Required by older versions of Google Play services to create IID tokens -->
38-->[ly.count.android:sdk:21.11.0] AndroidManifest.xml:13:5-89
38-->[ly.count.android:sdk:21.11.0] AndroidManifest.xml:13:22-86
39    <uses-permission android:name="com.google.android.c2dm.permission.RECEIVE" />
39-->[com.google.firebase:firebase-iid:21.0.1] AndroidManifest.xml:26:5-82
39-->[com.google.firebase:firebase-iid:21.0.1] AndroidManifest.xml:26:22-79
40
41    <application
41-->src\main\AndroidManifest.xml:16:2-193:16
42        android:name="org.openobservatory.ooniprobe.common.Application"
42-->src\main\AndroidManifest.xml:17:3-37
43        android:allowBackup="false"
43-->src\main\AndroidManifest.xml:18:3-30
44        android:appComponentFactory="androidx.core.app.CoreComponentFactory"
44-->[androidx.core:core:1.7.0] AndroidManifest.xml:24:18-86
45        android:debuggable="true"
46        android:icon="@mipmap/ic_launcher"
46-->src\main\AndroidManifest.xml:19:3-37
47        android:label="@string/APP_NAME"
47-->src\main\AndroidManifest.xml:20:3-35
48        android:supportsRtl="true"
48-->src\main\AndroidManifest.xml:21:3-29
49        android:theme="@style/Theme.MaterialComponents.Light.DarkActionBar.App" >
49-->src\main\AndroidManifest.xml:22:3-74
50        <meta-data
51            android:name="com.google.firebase.messaging.default_notification_icon"
52            android:resource="@drawable/ic_notification" />
53        <meta-data
54            android:name="com.google.firebase.messaging.default_notification_color"
55            android:resource="@color/color_base" />
56        <meta-data
57            android:name="com.google.firebase.messaging.default_notification_channel_id"
58            android:value="@string/General_AppName" />
59        <meta-data
60            android:name="firebase_analytics_collection_enabled"
61            android:value="false" />
62
63        <service
64            android:name="org.openobservatory.ooniprobe.common.FirebaseMessagingService"
65            android:exported="false" >
66            <intent-filter>
66-->[com.google.firebase:firebase-messaging:21.0.1] AndroidManifest.xml:32:13-34:29
67                <action android:name="com.google.firebase.MESSAGING_EVENT" />
67-->[com.google.firebase:firebase-messaging:21.0.1] AndroidManifest.xml:33:17-78
67-->[com.google.firebase:firebase-messaging:21.0.1] AndroidManifest.xml:33:25-75
68            </intent-filter>
69        </service>
70
71        <meta-data
72            android:name="io.sentry.dsn"
73            android:value="https://9dcd83d9519844188803aa817cdcd416@o155150.ingest.sentry.io/5619989" />
74
75        <activity
75-->src\main\AndroidManifest.xml:23:3-34:14
76            android:name="org.openobservatory.ooniprobe.activity.MainActivity"
76-->src\main\AndroidManifest.xml:24:4-41
77            android:exported="true"
77-->src\main\AndroidManifest.xml:26:4-27
78            android:launchMode="singleTop"
78-->src\main\AndroidManifest.xml:25:4-34
79            android:screenOrientation="userPortrait"
79-->src\main\AndroidManifest.xml:27:4-44
80            android:theme="@style/Theme.MaterialComponents.Light.DarkActionBar.App.NoActionBar" >
80-->src\main\AndroidManifest.xml:28:4-87
81            <intent-filter>
81-->src\main\AndroidManifest.xml:29:4-33:20
82                <action android:name="android.intent.action.MAIN" />
82-->src\main\AndroidManifest.xml:30:5-57
82-->src\main\AndroidManifest.xml:30:13-54
83
84                <category android:name="android.intent.category.LAUNCHER" />
84-->src\main\AndroidManifest.xml:32:5-65
84-->src\main\AndroidManifest.xml:32:15-62
85            </intent-filter>
86        </activity>
87        <activity
87-->src\main\AndroidManifest.xml:35:3-38:77
88            android:name="org.openobservatory.ooniprobe.activity.OnboardingActivity"
88-->src\main\AndroidManifest.xml:36:4-47
89            android:screenOrientation="userPortrait"
89-->src\main\AndroidManifest.xml:37:4-44
90            android:theme="@style/Theme.MaterialComponents.NoActionBar.Onboarding" />
90-->src\main\AndroidManifest.xml:38:4-74
91        <activity
91-->src\main\AndroidManifest.xml:39:3-43:47
92            android:name="org.openobservatory.ooniprobe.activity.PreferenceActivity"
92-->src\main\AndroidManifest.xml:40:4-47
93            android:launchMode="singleTop"
93-->src\main\AndroidManifest.xml:41:4-34
94            android:parentActivityName="org.openobservatory.ooniprobe.activity.MainActivity"
94-->src\main\AndroidManifest.xml:42:4-55
95            android:screenOrientation="userPortrait" />
95-->src\main\AndroidManifest.xml:43:4-44
96        <activity
96-->src\main\AndroidManifest.xml:44:3-48:47
97            android:name="org.openobservatory.ooniprobe.activity.OverviewActivity"
97-->src\main\AndroidManifest.xml:45:4-45
98            android:launchMode="singleTop"
98-->src\main\AndroidManifest.xml:46:4-34
99            android:parentActivityName="org.openobservatory.ooniprobe.activity.MainActivity"
99-->src\main\AndroidManifest.xml:47:4-55
100            android:screenOrientation="userPortrait" />
100-->src\main\AndroidManifest.xml:48:4-44
101        <activity
101-->src\main\AndroidManifest.xml:49:3-53:47
102            android:name="org.openobservatory.ooniprobe.activity.ResultDetailActivity"
102-->src\main\AndroidManifest.xml:50:4-49
103            android:launchMode="singleTop"
103-->src\main\AndroidManifest.xml:51:4-34
104            android:parentActivityName="org.openobservatory.ooniprobe.activity.MainActivity"
104-->src\main\AndroidManifest.xml:52:4-55
105            android:screenOrientation="userPortrait" />
105-->src\main\AndroidManifest.xml:53:4-44
106        <activity
106-->src\main\AndroidManifest.xml:54:3-58:47
107            android:name="org.openobservatory.ooniprobe.activity.MeasurementDetailActivity"
107-->src\main\AndroidManifest.xml:55:4-54
108            android:launchMode="singleTop"
108-->src\main\AndroidManifest.xml:56:4-34
109            android:parentActivityName="org.openobservatory.ooniprobe.activity.ResultDetailActivity"
109-->src\main\AndroidManifest.xml:57:4-63
110            android:screenOrientation="userPortrait" />
110-->src\main\AndroidManifest.xml:58:4-44
111        <activity
111-->src\main\AndroidManifest.xml:59:3-63:47
112            android:name="org.openobservatory.ooniprobe.activity.TextActivity"
112-->src\main\AndroidManifest.xml:60:4-41
113            android:hardwareAccelerated="false"
113-->src\main\AndroidManifest.xml:61:4-39
114            android:parentActivityName="org.openobservatory.ooniprobe.activity.MeasurementDetailActivity"
114-->src\main\AndroidManifest.xml:62:4-68
115            android:screenOrientation="userPortrait" />
115-->src\main\AndroidManifest.xml:63:4-44
116        <activity
116-->src\main\AndroidManifest.xml:64:3-68:47
117            android:name="org.openobservatory.ooniprobe.activity.RunningActivity"
117-->src\main\AndroidManifest.xml:65:4-44
118            android:launchMode="singleTop"
118-->src\main\AndroidManifest.xml:66:4-34
119            android:parentActivityName="org.openobservatory.ooniprobe.activity.MainActivity"
119-->src\main\AndroidManifest.xml:67:4-55
120            android:screenOrientation="userPortrait" />
120-->src\main\AndroidManifest.xml:68:4-44
121        <activity
121-->src\main\AndroidManifest.xml:69:3-81:14
122            android:name="org.openobservatory.ooniprobe.activity.InfoActivity"
122-->src\main\AndroidManifest.xml:70:4-41
123            android:exported="false"
123-->src\main\AndroidManifest.xml:72:4-28
124            android:label="@string/Settings_About_Label"
124-->src\main\AndroidManifest.xml:71:4-48
125            android:parentActivityName="org.openobservatory.ooniprobe.activity.PreferenceActivity"
125-->src\main\AndroidManifest.xml:73:4-61
126            android:screenOrientation="userPortrait"
126-->src\main\AndroidManifest.xml:74:4-44
127            android:theme="@style/Theme.MaterialComponents.Light.DarkActionBar.App.NoActionBar" >
127-->src\main\AndroidManifest.xml:75:4-87
128            <intent-filter>
128-->src\main\AndroidManifest.xml:76:4-80:20
129                <action android:name="org.openobservatory.ooniprobe.activity.InfoActivity" />
129-->src\main\AndroidManifest.xml:77:5-82
129-->src\main\AndroidManifest.xml:77:13-79
130
131                <category android:name="android.intent.category.DEFAULT" />
131-->src\main\AndroidManifest.xml:79:5-64
131-->src\main\AndroidManifest.xml:79:15-61
132            </intent-filter>
133        </activity>
134        <activity
134-->src\main\AndroidManifest.xml:82:3-94:14
135            android:name="org.openobservatory.ooniprobe.activity.ProxyActivity"
135-->src\main\AndroidManifest.xml:83:4-42
136            android:exported="false"
136-->src\main\AndroidManifest.xml:85:4-28
137            android:label="Proxy"
137-->src\main\AndroidManifest.xml:84:4-25
138            android:parentActivityName="org.openobservatory.ooniprobe.activity.PreferenceActivity"
138-->src\main\AndroidManifest.xml:86:4-61
139            android:screenOrientation="userPortrait"
139-->src\main\AndroidManifest.xml:87:4-44
140            android:theme="@style/Theme.MaterialComponents.Light.DarkActionBar.App" >
140-->src\main\AndroidManifest.xml:88:4-75
141            <intent-filter>
141-->src\main\AndroidManifest.xml:89:4-93:20
142                <action android:name="org.openobservatory.ooniprobe.activity.ProxyActivity" />
142-->src\main\AndroidManifest.xml:90:5-83
142-->src\main\AndroidManifest.xml:90:13-80
143
144                <category android:name="android.intent.category.DEFAULT" />
144-->src\main\AndroidManifest.xml:79:5-64
144-->src\main\AndroidManifest.xml:79:15-61
145            </intent-filter>
146        </activity>
147        <activity
147-->src\main\AndroidManifest.xml:95:3-106:14
148            android:name="org.openobservatory.ooniprobe.activity.CustomWebsiteActivity"
148-->src\main\AndroidManifest.xml:96:4-50
149            android:exported="false"
149-->src\main\AndroidManifest.xml:98:4-28
150            android:label="@string/Settings_Websites_CustomURL_Title"
150-->src\main\AndroidManifest.xml:97:4-61
151            android:parentActivityName="org.openobservatory.ooniprobe.activity.PreferenceActivity"
151-->src\main\AndroidManifest.xml:99:4-61
152            android:screenOrientation="userPortrait" >
152-->src\main\AndroidManifest.xml:100:4-44
153            <intent-filter>
153-->src\main\AndroidManifest.xml:101:4-105:20
154                <action android:name="org.openobservatory.ooniprobe.activity.CustomWebsiteActivity" />
154-->src\main\AndroidManifest.xml:102:5-91
154-->src\main\AndroidManifest.xml:102:13-88
155
156                <category android:name="android.intent.category.DEFAULT" />
156-->src\main\AndroidManifest.xml:79:5-64
156-->src\main\AndroidManifest.xml:79:15-61
157            </intent-filter>
158        </activity>
159        <activity
159-->src\main\AndroidManifest.xml:107:3-159:14
160            android:name="org.openobservatory.ooniprobe.activity.OoniRunActivity"
160-->src\main\AndroidManifest.xml:108:4-44
161            android:exported="true"
161-->src\main\AndroidManifest.xml:110:4-27
162            android:label="@string/APP_NAME"
162-->src\main\AndroidManifest.xml:109:4-36
163            android:launchMode="singleTop"
163-->src\main\AndroidManifest.xml:111:4-34
164            android:parentActivityName="org.openobservatory.ooniprobe.activity.MainActivity"
164-->src\main\AndroidManifest.xml:112:4-55
165            android:screenOrientation="userPortrait"
165-->src\main\AndroidManifest.xml:113:4-44
166            android:theme="@style/Theme.MaterialComponents.Light.NoActionBar.App" >
166-->src\main\AndroidManifest.xml:114:4-73
167            <intent-filter>
167-->src\main\AndroidManifest.xml:115:4-122:20
168                <action android:name="android.intent.action.SEND" />
168-->src\main\AndroidManifest.xml:116:5-57
168-->src\main\AndroidManifest.xml:116:13-54
169
170                <category android:name="android.intent.category.DEFAULT" />
170-->src\main\AndroidManifest.xml:79:5-64
170-->src\main\AndroidManifest.xml:79:15-61
171
172                <action android:name="org.openobservatory.ooniprobe.nettest" />
172-->src\main\AndroidManifest.xml:119:5-68
172-->src\main\AndroidManifest.xml:119:13-65
173
174                <data android:mimeType="text/plain" />
174-->src\main\AndroidManifest.xml:121:5-43
174-->src\main\AndroidManifest.xml:121:11-40
175            </intent-filter>
176            <intent-filter android:autoVerify="true" >
176-->src\main\AndroidManifest.xml:123:4-135:20
176-->src\main\AndroidManifest.xml:123:19-44
177                <action android:name="android.intent.action.VIEW" />
177-->src\main\AndroidManifest.xml:124:5-57
177-->src\main\AndroidManifest.xml:124:13-54
178
179                <category android:name="android.intent.category.DEFAULT" />
179-->src\main\AndroidManifest.xml:79:5-64
179-->src\main\AndroidManifest.xml:79:15-61
180                <category android:name="android.intent.category.BROWSABLE" />
180-->src\main\AndroidManifest.xml:127:5-66
180-->src\main\AndroidManifest.xml:127:15-63
181
182                <action android:name="org.openobservatory.ooniprobe.nettest" />
182-->src\main\AndroidManifest.xml:119:5-68
182-->src\main\AndroidManifest.xml:119:13-65
183
184                <data
184-->src\main\AndroidManifest.xml:121:5-43
185                    android:host="run.ooni.io"
186                    android:pathPrefix="/nettest"
187                    android:scheme="https" />
188            </intent-filter>
189            <intent-filter android:autoVerify="true" >
189-->src\main\AndroidManifest.xml:136:4-148:20
189-->src\main\AndroidManifest.xml:136:19-44
190                <action android:name="android.intent.action.VIEW" />
190-->src\main\AndroidManifest.xml:124:5-57
190-->src\main\AndroidManifest.xml:124:13-54
191
192                <category android:name="android.intent.category.DEFAULT" />
192-->src\main\AndroidManifest.xml:79:5-64
192-->src\main\AndroidManifest.xml:79:15-61
193                <category android:name="android.intent.category.BROWSABLE" />
193-->src\main\AndroidManifest.xml:127:5-66
193-->src\main\AndroidManifest.xml:127:15-63
194
195                <action android:name="org.openobservatory.ooniprobe.nettest" />
195-->src\main\AndroidManifest.xml:119:5-68
195-->src\main\AndroidManifest.xml:119:13-65
196
197                <data
197-->src\main\AndroidManifest.xml:121:5-43
198                    android:host="run.ooni.io"
199                    android:pathPrefix="/nettest"
200                    android:scheme="http" />
201            </intent-filter>
202            <intent-filter android:autoVerify="true" >
202-->src\main\AndroidManifest.xml:149:4-158:20
202-->src\main\AndroidManifest.xml:149:19-44
203                <action android:name="android.intent.action.VIEW" />
203-->src\main\AndroidManifest.xml:124:5-57
203-->src\main\AndroidManifest.xml:124:13-54
204
205                <category android:name="android.intent.category.DEFAULT" />
205-->src\main\AndroidManifest.xml:79:5-64
205-->src\main\AndroidManifest.xml:79:15-61
206                <category android:name="android.intent.category.BROWSABLE" />
206-->src\main\AndroidManifest.xml:127:5-66
206-->src\main\AndroidManifest.xml:127:15-63
207
208                <data
208-->src\main\AndroidManifest.xml:121:5-43
209                    android:host="nettest"
210                    android:scheme="ooni" />
211            </intent-filter>
212        </activity>
213        <activity
213-->src\main\AndroidManifest.xml:161:9-171:20
214            android:name="org.openobservatory.ooniprobe.activity.LogActivity"
214-->src\main\AndroidManifest.xml:162:13-49
215            android:exported="false"
215-->src\main\AndroidManifest.xml:163:13-37
216            android:label="LogActivity"
216-->src\main\AndroidManifest.xml:164:13-40
217            android:parentActivityName="org.openobservatory.ooniprobe.activity.PreferenceActivity" >
217-->src\main\AndroidManifest.xml:165:13-70
218            <intent-filter>
218-->src\main\AndroidManifest.xml:166:13-170:29
219                <action android:name="org.openobservatory.ooniprobe.activity.LogActivity" />
219-->src\main\AndroidManifest.xml:167:17-93
219-->src\main\AndroidManifest.xml:167:25-90
220
221                <category android:name="android.intent.category.DEFAULT" />
221-->src\main\AndroidManifest.xml:79:5-64
221-->src\main\AndroidManifest.xml:79:15-61
222            </intent-filter>
223        </activity>
224
225        <service
225-->src\main\AndroidManifest.xml:173:3-176:48
226            android:name="org.openobservatory.ooniprobe.common.service.RunTestService"
226-->src\main\AndroidManifest.xml:174:4-49
227            android:icon="@drawable/notification_icon"
227-->src\main\AndroidManifest.xml:175:4-46
228            android:label="@string/Dashboard_Card_Run" />
228-->src\main\AndroidManifest.xml:176:4-46
229        <service
229-->src\main\AndroidManifest.xml:177:3-180:62
230            android:name="org.openobservatory.ooniprobe.common.service.RunTestJobService"
230-->src\main\AndroidManifest.xml:178:4-52
231            android:label="Run Test Service"
231-->src\main\AndroidManifest.xml:179:4-36
232            android:permission="android.permission.BIND_JOB_SERVICE" />
232-->src\main\AndroidManifest.xml:180:4-60
233
234        <provider
234-->src\main\AndroidManifest.xml:182:3-192:14
235            android:name="androidx.core.content.FileProvider"
235-->src\main\AndroidManifest.xml:183:4-53
236            android:authorities="org.openobservatory.ooniprobe.provider"
236-->src\main\AndroidManifest.xml:184:4-64
237            android:exported="false"
237-->src\main\AndroidManifest.xml:185:4-28
238            android:grantUriPermissions="true" >
238-->src\main\AndroidManifest.xml:186:4-38
239
240            <!-- resource file to create -->
241            <meta-data
241-->src\main\AndroidManifest.xml:188:4-191:16
242                android:name="android.support.FILE_PROVIDER_PATHS"
242-->src\main\AndroidManifest.xml:189:5-55
243                android:resource="@xml/file_paths" >
243-->src\main\AndroidManifest.xml:190:5-39
244            </meta-data>
245        </provider>
246        <!--
247             FirebaseMessagingService performs security checks at runtime,
248             but set to not exported to explicitly avoid allowing another app to call it.
249        -->
250        <service
250-->[com.google.firebase:firebase-messaging:21.0.1] AndroidManifest.xml:28:9-35:19
251            android:name="com.google.firebase.messaging.FirebaseMessagingService"
251-->[com.google.firebase:firebase-messaging:21.0.1] AndroidManifest.xml:29:13-82
252            android:directBootAware="true"
252-->[com.google.firebase:firebase-messaging:21.0.1] AndroidManifest.xml:30:13-43
253            android:exported="false" >
253-->[com.google.firebase:firebase-messaging:21.0.1] AndroidManifest.xml:31:13-37
254            <intent-filter android:priority="-500" >
254-->[com.google.firebase:firebase-messaging:21.0.1] AndroidManifest.xml:32:13-34:29
254-->[com.google.firebase:firebase-messaging:21.0.1] AndroidManifest.xml:32:28-51
255                <action android:name="com.google.firebase.MESSAGING_EVENT" />
255-->[com.google.firebase:firebase-messaging:21.0.1] AndroidManifest.xml:33:17-78
255-->[com.google.firebase:firebase-messaging:21.0.1] AndroidManifest.xml:33:25-75
256            </intent-filter>
257        </service>
258        <service
258-->[com.google.firebase:firebase-messaging:21.0.1] AndroidManifest.xml:36:9-42:19
259            android:name="com.google.firebase.components.ComponentDiscoveryService"
259-->[com.google.firebase:firebase-messaging:21.0.1] AndroidManifest.xml:37:13-84
260            android:directBootAware="true"
260-->[com.google.firebase:firebase-common:19.5.0] AndroidManifest.xml:35:13-43
261            android:exported="false" >
261-->[com.google.firebase:firebase-messaging:21.0.1] AndroidManifest.xml:38:13-37
262            <meta-data
262-->[com.google.firebase:firebase-messaging:21.0.1] AndroidManifest.xml:39:13-41:85
263                android:name="com.google.firebase.components:com.google.firebase.messaging.FirebaseMessagingRegistrar"
263-->[com.google.firebase:firebase-messaging:21.0.1] AndroidManifest.xml:40:17-119
264                android:value="com.google.firebase.components.ComponentRegistrar" />
264-->[com.google.firebase:firebase-messaging:21.0.1] AndroidManifest.xml:41:17-82
265            <meta-data
265-->[com.google.firebase:firebase-iid:21.0.1] AndroidManifest.xml:32:13-34:85
266                android:name="com.google.firebase.components:com.google.firebase.iid.Registrar"
266-->[com.google.firebase:firebase-iid:21.0.1] AndroidManifest.xml:33:17-96
267                android:value="com.google.firebase.components.ComponentRegistrar" />
267-->[com.google.firebase:firebase-iid:21.0.1] AndroidManifest.xml:34:17-82
268            <meta-data
268-->[com.google.firebase:firebase-datatransport:17.0.10] AndroidManifest.xml:28:13-30:85
269                android:name="com.google.firebase.components:com.google.firebase.datatransport.TransportRegistrar"
269-->[com.google.firebase:firebase-datatransport:17.0.10] AndroidManifest.xml:29:17-115
270                android:value="com.google.firebase.components.ComponentRegistrar" />
270-->[com.google.firebase:firebase-datatransport:17.0.10] AndroidManifest.xml:30:17-82
271            <meta-data
271-->[com.google.firebase:firebase-installations:16.3.5] AndroidManifest.xml:18:13-20:85
272                android:name="com.google.firebase.components:com.google.firebase.installations.FirebaseInstallationsRegistrar"
272-->[com.google.firebase:firebase-installations:16.3.5] AndroidManifest.xml:19:17-127
273                android:value="com.google.firebase.components.ComponentRegistrar" />
273-->[com.google.firebase:firebase-installations:16.3.5] AndroidManifest.xml:20:17-82
274            <!--
275                This registrar is not defined in the dynamic-module-support sdk itself to allow non-firebase
276                clients to use it as well, by defining this registrar in their own core/common library.
277            -->
278            <meta-data
278-->[com.google.firebase:firebase-common:19.5.0] AndroidManifest.xml:43:13-45:85
279                android:name="com.google.firebase.components:com.google.firebase.dynamicloading.DynamicLoadingRegistrar"
279-->[com.google.firebase:firebase-common:19.5.0] AndroidManifest.xml:44:17-121
280                android:value="com.google.firebase.components.ComponentRegistrar" />
280-->[com.google.firebase:firebase-common:19.5.0] AndroidManifest.xml:45:17-82
281        </service>
282
283        <uses-library android:name="android.test.runner" />
283-->[ly.count.android:sdk:21.11.0] AndroidManifest.xml:16:9-60
283-->[ly.count.android:sdk:21.11.0] AndroidManifest.xml:16:23-57
284
285        <receiver
285-->[ly.count.android:sdk:21.11.0] AndroidManifest.xml:18:9-25:20
286            android:name="ly.count.android.sdk.messaging.CountlyPush$NotificationBroadcastReceiver"
286-->[ly.count.android:sdk:21.11.0] AndroidManifest.xml:19:13-100
287            android:exported="false"
287-->[ly.count.android:sdk:21.11.0] AndroidManifest.xml:20:13-37
288            android:permission="org.openobservatory.ooniprobe.dev.CountlyPush.BROADCAST_PERMISSION" >
288-->[ly.count.android:sdk:21.11.0] AndroidManifest.xml:21:13-83
289            <intent-filter>
289-->[ly.count.android:sdk:21.11.0] AndroidManifest.xml:22:13-24:29
290                <action android:name="ly.count.android.sdk.CountlyPush.SECURE_NOTIFICATION_BROADCAST" />
290-->[ly.count.android:sdk:21.11.0] AndroidManifest.xml:23:17-105
290-->[ly.count.android:sdk:21.11.0] AndroidManifest.xml:23:25-102
291            </intent-filter>
292        </receiver> <!-- The activities will be merged into the manifest of the hosting app. -->
293        <activity
293-->[com.google.android.play:core:1.10.3] AndroidManifest.xml:18:9-24:45
294            android:name="com.google.android.play.core.missingsplits.PlayCoreMissingSplitsActivity"
294-->[com.google.android.play:core:1.10.3] AndroidManifest.xml:19:13-100
295            android:enabled="false"
295-->[com.google.android.play:core:1.10.3] AndroidManifest.xml:20:13-36
296            android:exported="false"
296-->[com.google.android.play:core:1.10.3] AndroidManifest.xml:21:13-37
297            android:launchMode="singleInstance"
297-->[com.google.android.play:core:1.10.3] AndroidManifest.xml:22:13-48
298            android:process=":playcore_missing_splits_activity"
298-->[com.google.android.play:core:1.10.3] AndroidManifest.xml:23:13-64
299            android:stateNotNeeded="true" />
299-->[com.google.android.play:core:1.10.3] AndroidManifest.xml:24:13-42
300        <activity
300-->[com.google.android.play:core:1.10.3] AndroidManifest.xml:25:9-29:65
301            android:name="com.google.android.play.core.common.PlayCoreDialogWrapperActivity"
301-->[com.google.android.play:core:1.10.3] AndroidManifest.xml:26:13-93
302            android:exported="false"
302-->[com.google.android.play:core:1.10.3] AndroidManifest.xml:27:13-37
303            android:stateNotNeeded="true"
303-->[com.google.android.play:core:1.10.3] AndroidManifest.xml:28:13-42
304            android:theme="@style/Theme.PlayCore.Transparent" /> <!-- The services will be merged into the manifest of the hosting app. -->
304-->[com.google.android.play:core:1.10.3] AndroidManifest.xml:29:13-62
305        <service
305-->[com.google.android.play:core:1.10.3] AndroidManifest.xml:32:9-39:19
306            android:name="com.google.android.play.core.assetpacks.AssetPackExtractionService"
306-->[com.google.android.play:core:1.10.3] AndroidManifest.xml:33:13-94
307            android:enabled="false"
307-->[com.google.android.play:core:1.10.3] AndroidManifest.xml:34:13-36
308            android:exported="true" >
308-->[com.google.android.play:core:1.10.3] AndroidManifest.xml:35:13-36
309            <meta-data
309-->[com.google.android.play:core:1.10.3] AndroidManifest.xml:36:13-38:41
310                android:name="com.google.android.play.core.assetpacks.versionCode"
310-->[com.google.android.play:core:1.10.3] AndroidManifest.xml:37:17-83
311                android:value="11003" />
311-->[com.google.android.play:core:1.10.3] AndroidManifest.xml:38:17-38
312        </service>
313        <service
313-->[com.google.android.play:core:1.10.3] AndroidManifest.xml:40:9-43:40
314            android:name="com.google.android.play.core.assetpacks.ExtractionForegroundService"
314-->[com.google.android.play:core:1.10.3] AndroidManifest.xml:41:13-95